<?xml version="1.0" encoding="UTF-8"?>
<<<<<<< HEAD
<testsuite xmlns:xsi="http://www.w3.org/2001/XMLSchema-instance" xsi:schemaLocation="https://maven.apache.org/surefire/maven-surefire-plugin/xsd/surefire-test-report.xsd" name="com.trabfinal.entidades.TestIntegracao.AreaTest" time="0.002" tests="2" errors="2" skipped="0" failures="0">
=======
<testsuite xmlns:xsi="http://www.w3.org/2001/XMLSchema-instance" xsi:schemaLocation="https://maven.apache.org/surefire/maven-surefire-plugin/xsd/surefire-test-report.xsd" name="com.trabfinal.entidades.TestIntegracao.AreaTest" time="0.004" tests="2" errors="0" skipped="0" failures="0">
>>>>>>> 88260f4f4f8ebc482c8eb5a26af9f3bf71dca350
  <properties>
    <property name="java.runtime.name" value="Java(TM) SE Runtime Environment"/>
    <property name="sun.boot.library.path" value="C:\Program Files\Java\jdk1.8.0_241\jre\bin"/>
    <property name="java.vm.version" value="25.241-b07"/>
<<<<<<< HEAD
    <property name="java.vm.vendor" value="Oracle Corporation"/>
    <property name="maven.multiModuleProjectDirectory" value="G:\1Universidade\VerivalTrafinal\Veifica-oeValida-oSoftware\TrabalhoFinal"/>
=======
    <property name="user.country.format" value="US"/>
    <property name="java.vm.vendor" value="Oracle Corporation"/>
    <property name="maven.multiModuleProjectDirectory" value="C:\Users\John Peter\Desktop\Aulas\VERIVAL\Veifica-oeValida-oSoftware\TrabalhoFinal"/>
>>>>>>> 88260f4f4f8ebc482c8eb5a26af9f3bf71dca350
    <property name="java.vendor.url" value="http://java.oracle.com/"/>
    <property name="path.separator" value=";"/>
    <property name="guice.disable.misplaced.annotation.check" value="true"/>
    <property name="java.vm.name" value="Java HotSpot(TM) 64-Bit Server VM"/>
    <property name="file.encoding.pkg" value="sun.io"/>
    <property name="user.script" value=""/>
    <property name="user.country" value="BR"/>
    <property name="sun.java.launcher" value="SUN_STANDARD"/>
    <property name="sun.os.patch.level" value=""/>
    <property name="java.vm.specification.name" value="Java Virtual Machine Specification"/>
<<<<<<< HEAD
    <property name="user.dir" value="G:\1Universidade\VerivalTrafinal\Veifica-oeValida-oSoftware\TrabalhoFinal"/>
=======
    <property name="user.dir" value="C:\Users\John Peter\Desktop\Aulas\VERIVAL\Veifica-oeValida-oSoftware\TrabalhoFinal"/>
>>>>>>> 88260f4f4f8ebc482c8eb5a26af9f3bf71dca350
    <property name="java.runtime.version" value="1.8.0_241-b07"/>
    <property name="java.awt.graphicsenv" value="sun.awt.Win32GraphicsEnvironment"/>
    <property name="java.endorsed.dirs" value="C:\Program Files\Java\jdk1.8.0_241\jre\lib\endorsed"/>
    <property name="os.arch" value="amd64"/>
<<<<<<< HEAD
    <property name="java.io.tmpdir" value="C:\Users\pamib\AppData\Local\Temp\"/>
=======
    <property name="java.io.tmpdir" value="C:\Users\JOHNPE~1\AppData\Local\Temp\"/>
>>>>>>> 88260f4f4f8ebc482c8eb5a26af9f3bf71dca350
    <property name="line.separator" value="&#10;"/>
    <property name="java.vm.specification.vendor" value="Oracle Corporation"/>
    <property name="user.variant" value=""/>
    <property name="os.name" value="Windows 10"/>
<<<<<<< HEAD
    <property name="classworlds.conf" value="C:\Program Files\Apache-Maven-3.6.3\bin\..\bin\m2.conf"/>
    <property name="sun.jnu.encoding" value="Cp1252"/>
    <property name="java.library.path" value="C:\Program Files\Java\jdk1.8.0_241\bin;C:\WINDOWS\Sun\Java\bin;C:\WINDOWS\system32;C:\WINDOWS;C:\Program Files (x86)\Common Files\Oracle\Java\javapath;C:\WINDOWS\system32;C:\WINDOWS;C:\WINDOWS\System32\Wbem;C:\WINDOWS\System32\WindowsPowerShell\v1.0\;C:\WINDOWS\System32\OpenSSH\;C:\Program Files (x86)\Intel\Intel(R) Management Engine Components\DAL;C:\Program Files\Intel\Intel(R) Management Engine Components\DAL;C:\Program Files\Git\cmd;C:\Program Files\Apache-Maven-3.6.3\bin;C:\Program Files\Java\jdk1.8.0_241\bin;C:\Users\pamib\AppData\Local\Microsoft\WindowsApps;;C:\Users\pamib\AppData\Local\Programs\Microsoft VS Code\bin;."/>
    <property name="maven.conf" value="C:\Program Files\Apache-Maven-3.6.3\bin\../conf"/>
=======
    <property name="classworlds.conf" value="C:\Opt\maven\apache-maven-3.6.3\bin\..\bin\m2.conf"/>
    <property name="sun.jnu.encoding" value="Cp1252"/>
    <property name="java.library.path" value="C:\Program Files\Java\jdk1.8.0_241\bin;C:\Windows\Sun\Java\bin;C:\Windows\system32;C:\Windows;C:\Program Files (x86)\Common Files\Oracle\Java\javapath;C:\Windows\system32;C:\Windows;C:\Windows\System32\Wbem;C:\Windows\System32\WindowsPowerShell\v1.0\;C:\Windows\System32\OpenSSH\;C:\Program Files (x86)\Intel\Intel(R) Management Engine Components\DAL;C:\Program Files\Intel\Intel(R) Management Engine Components\DAL;C:\Program Files\Git\cmd;C:\Program Files\nodejs\;C:\Program Files (x86)\Vim\vim82\;C:\Users\John Peter\AppData\Local\Programs\Python\Python38-32\;C:\Users\John Peter\AppData\Local\Microsoft\WindowsApps;C:\Users\John Peter\AppData\Local\Programs\Microsoft VS Code\bin;C:\Users\John Peter\AppData\Roaming\npm;C:\Users\John Peter\AppData\Roaming\npm\node_modules\@angular\cli\bin;C:\Users\John Peter\AppData\Local\Programs\Python\Python38-32\Scripts;C:\Program Files\Java\jdk1.8.0_241\bin;C:\Opt\maven\apache-maven-3.6.3\bin;;."/>
    <property name="maven.conf" value="C:\Opt\maven\apache-maven-3.6.3\bin\../conf"/>
>>>>>>> 88260f4f4f8ebc482c8eb5a26af9f3bf71dca350
    <property name="java.specification.name" value="Java Platform API Specification"/>
    <property name="java.class.version" value="52.0"/>
    <property name="sun.management.compiler" value="HotSpot 64-Bit Tiered Compilers"/>
    <property name="os.version" value="10.0"/>
<<<<<<< HEAD
    <property name="library.jansi.path" value="C:\Program Files\Apache-Maven-3.6.3\bin\..\lib\jansi-native"/>
    <property name="user.home" value="C:\Users\pamib"/>
=======
    <property name="library.jansi.path" value="C:\Opt\maven\apache-maven-3.6.3\bin\..\lib\jansi-native"/>
    <property name="user.home" value="C:\Users\John Peter"/>
>>>>>>> 88260f4f4f8ebc482c8eb5a26af9f3bf71dca350
    <property name="user.timezone" value="America/Sao_Paulo"/>
    <property name="java.awt.printerjob" value="sun.awt.windows.WPrinterJob"/>
    <property name="java.specification.version" value="1.8"/>
    <property name="file.encoding" value="Cp1252"/>
<<<<<<< HEAD
    <property name="user.name" value="pamib"/>
    <property name="java.class.path" value="C:\Program Files\Apache-Maven-3.6.3\bin\..\boot\plexus-classworlds-2.6.0.jar"/>
=======
    <property name="user.name" value="John Peter"/>
    <property name="java.class.path" value="C:\Opt\maven\apache-maven-3.6.3\bin\..\boot\plexus-classworlds-2.6.0.jar"/>
>>>>>>> 88260f4f4f8ebc482c8eb5a26af9f3bf71dca350
    <property name="java.vm.specification.version" value="1.8"/>
    <property name="sun.arch.data.model" value="64"/>
    <property name="java.home" value="C:\Program Files\Java\jdk1.8.0_241\jre"/>
    <property name="sun.java.command" value="org.codehaus.plexus.classworlds.launcher.Launcher test"/>
    <property name="java.specification.vendor" value="Oracle Corporation"/>
    <property name="user.language" value="pt"/>
<<<<<<< HEAD
    <property name="awt.toolkit" value="sun.awt.windows.WToolkit"/>
    <property name="java.vm.info" value="mixed mode"/>
    <property name="java.version" value="1.8.0_241"/>
    <property name="java.ext.dirs" value="C:\Program Files\Java\jdk1.8.0_241\jre\lib\ext;C:\WINDOWS\Sun\Java\lib\ext"/>
    <property name="sun.boot.class.path" value="C:\Program Files\Java\jdk1.8.0_241\jre\lib\resources.jar;C:\Program Files\Java\jdk1.8.0_241\jre\lib\rt.jar;C:\Program Files\Java\jdk1.8.0_241\jre\lib\sunrsasign.jar;C:\Program Files\Java\jdk1.8.0_241\jre\lib\jsse.jar;C:\Program Files\Java\jdk1.8.0_241\jre\lib\jce.jar;C:\Program Files\Java\jdk1.8.0_241\jre\lib\charsets.jar;C:\Program Files\Java\jdk1.8.0_241\jre\lib\jfr.jar;C:\Program Files\Java\jdk1.8.0_241\jre\classes"/>
    <property name="sun.stderr.encoding" value="cp850"/>
    <property name="java.vendor" value="Oracle Corporation"/>
    <property name="maven.home" value="C:\Program Files\Apache-Maven-3.6.3\bin\.."/>
=======
    <property name="user.language.format" value="en"/>
    <property name="awt.toolkit" value="sun.awt.windows.WToolkit"/>
    <property name="java.vm.info" value="mixed mode"/>
    <property name="java.version" value="1.8.0_241"/>
    <property name="java.ext.dirs" value="C:\Program Files\Java\jdk1.8.0_241\jre\lib\ext;C:\Windows\Sun\Java\lib\ext"/>
    <property name="sun.boot.class.path" value="C:\Program Files\Java\jdk1.8.0_241\jre\lib\resources.jar;C:\Program Files\Java\jdk1.8.0_241\jre\lib\rt.jar;C:\Program Files\Java\jdk1.8.0_241\jre\lib\sunrsasign.jar;C:\Program Files\Java\jdk1.8.0_241\jre\lib\jsse.jar;C:\Program Files\Java\jdk1.8.0_241\jre\lib\jce.jar;C:\Program Files\Java\jdk1.8.0_241\jre\lib\charsets.jar;C:\Program Files\Java\jdk1.8.0_241\jre\lib\jfr.jar;C:\Program Files\Java\jdk1.8.0_241\jre\classes"/>
    <property name="sun.stderr.encoding" value="cp850"/>
    <property name="java.vendor" value="Oracle Corporation"/>
    <property name="maven.home" value="C:\Opt\maven\apache-maven-3.6.3\bin\.."/>
>>>>>>> 88260f4f4f8ebc482c8eb5a26af9f3bf71dca350
    <property name="file.separator" value="\"/>
    <property name="java.vendor.url.bug" value="http://bugreport.sun.com/bugreport/"/>
    <property name="sun.cpu.endian" value="little"/>
    <property name="sun.io.unicode.encoding" value="UnicodeLittle"/>
    <property name="sun.stdout.encoding" value="cp850"/>
    <property name="sun.desktop" value="windows"/>
    <property name="sun.cpu.isalist" value="amd64"/>
  </properties>
<<<<<<< HEAD
  <testcase name="TestPonto2" classname="com.trabfinal.entidades.TestIntegracao.AreaTest" time="0">
    <error type="java.lang.NullPointerException">java.lang.NullPointerException
	at com.trabfinal.entidades.TestIntegracao.AreaTest.setup(AreaTest.java:23)
</error>
  </testcase>
  <testcase name="TestPonto" classname="com.trabfinal.entidades.TestIntegracao.AreaTest" time="0">
    <error type="java.lang.NullPointerException">java.lang.NullPointerException
	at com.trabfinal.entidades.TestIntegracao.AreaTest.setup(AreaTest.java:23)
</error>
  </testcase>
=======
  <testcase name="TestPonto2" classname="com.trabfinal.entidades.TestIntegracao.AreaTest" time="0.002"/>
  <testcase name="TestPonto" classname="com.trabfinal.entidades.TestIntegracao.AreaTest" time="0"/>
>>>>>>> 88260f4f4f8ebc482c8eb5a26af9f3bf71dca350
</testsuite>